  animation.cpp
  gameBase.cpp
  sprite.cpp
  texture.cpp
Engine\texture.cpp(72): warning C4018: '>' : signed/unsigned mismatch
Engine\texture.cpp(75): warning C4018: '<=' : signed/unsigned mismatch
Engine\texture.cpp(95): warning C4018: '<' : signed/unsigned mismatch
Engine\texture.cpp(95): warning C4018: '<' : signed/unsigned mismatch
Engine\texture.cpp(100): warning C4018: '>=' : signed/unsigned mismatch
  dark.cpp
  ghost.cpp
  gameover.cpp
Game\Screens\gameover.cpp(33): warning C4244: 'argument' : conversion from 'int' to 'float', possible loss of data
Game\Screens\gameover.cpp(33): warning C4244: 'argument' : conversion from 'int' to 'float', possible loss of data
Game\Screens\gameover.cpp(33): warning C4244: 'argument' : conversion from 'int' to 'float', possible loss of data
Game\Screens\gameover.cpp(33): warning C4244: 'argument' : conversion from 'int' to 'float', possible loss of data
  levelscreen.cpp
Game\Screens\levelscreen.cpp(20): warning C4244: 'argument' : conversion from 'time_t' to 'unsigned int', possible loss of data
Game\Screens\levelscreen.cpp(28): warning C4996: 'sprintf': This function or variable may be unsafe. Consider using sprintf_s instead. To disable deprecation, use _CRT_SECURE_NO_WARNINGS. See online help for details.
          c:\Program Files\Microsoft Visual Studio 10.0\VC\include\stdio.h(371) : see declaration of 'sprintf'
Game\Screens\levelscreen.cpp(324): warning C4244: 'initializing' : conversion from 'int' to 'float', possible loss of data
Game\Screens\levelscreen.cpp(365): warning C4244: 'argument' : conversion from 'int' to 'float', possible loss of data
Game\Screens\levelscreen.cpp(365): warning C4244: 'argument' : conversion from 'int' to 'float', possible loss of data
Game\Screens\levelscreen.cpp(465): warning C4244: 'argument' : conversion from 'int' to 'float', possible loss of data
Game\Screens\levelscreen.cpp(465): warning C4244: 'argument' : conversion from 'int' to 'float', possible loss of data
Game\Screens\levelscreen.cpp(474): warning C4244: 'initializing' : conversion from 'float' to 'int', possible loss of data
Game\Screens\levelscreen.cpp(476): warning C4244: 'argument' : conversion from 'int' to 'float', possible loss of data
Game\Screens\levelscreen.cpp(476): warning C4244: 'argument' : conversion from 'int' to 'float', possible loss of data
Game\Screens\levelscreen.cpp(476): warning C4244: 'argument' : conversion from 'int' to 'float', possible loss of data
Game\Screens\levelscreen.cpp(481): warning C4244: 'initializing' : conversion from 'int' to 'float', possible loss of data
Game\Screens\levelscreen.cpp(493): warning C4244: 'initializing' : conversion from 'int' to 'float', possible loss of data
Game\Screens\levelscreen.cpp(556): warning C4244: 'initializing' : conversion from 'int' to 'float', possible loss of data
Game\Screens\levelscreen.cpp(559): warning C4244: 'initializing' : conversion from 'int' to 'float', possible loss of data
Game\Screens\levelscreen.cpp(602): warning C4996: 'fopen': This function or variable may be unsafe. Consider using fopen_s instead. To disable deprecation, use _CRT_SECURE_NO_WARNINGS. See online help for details.
          c:\Program Files\Microsoft Visual Studio 10.0\VC\include\stdio.h(234) : see declaration of 'fopen'
Game\Screens\levelscreen.cpp(616): warning C4996: 'fopen': This function or variable may be unsafe. Consider using fopen_s instead. To disable deprecation, use _CRT_SECURE_NO_WARNINGS. See online help for details.
          c:\Program Files\Microsoft Visual Studio 10.0\VC\include\stdio.h(234) : see declaration of 'fopen'
Game\Screens\levelscreen.cpp(621): warning C4996: 'fscanf': This function or variable may be unsafe. Consider using fscanf_s instead. To disable deprecation, use _CRT_SECURE_NO_WARNINGS. See online help for details.
          c:\Program Files\Microsoft Visual Studio 10.0\VC\include\stdio.h(253) : see declaration of 'fscanf'
Game\Screens\levelscreen.cpp(627): warning C4996: 'fscanf': This function or variable may be unsafe. Consider using fscanf_s instead. To disable deprecation, use _CRT_SECURE_NO_WARNINGS. See online help for details.
          c:\Program Files\Microsoft Visual Studio 10.0\VC\include\stdio.h(253) : see declaration of 'fscanf'
c:\Program Files\Microsoft Visual Studio 10.0\VC\include\utility(163): warning C4244: 'initializing' : conversion from 'float' to 'int', possible loss of data
          c:\Program Files\Microsoft Visual Studio 10.0\VC\include\utility(247) : see reference to function template instantiation 'std::_Pair_base<_Ty1,_Ty2>::_Pair_base<_Ty,_Ty>(_Other1 &&,_Other2 &&)' being compiled
          with
          [
              _Ty1=int,
              _Ty2=int,
              _Ty=float,
              _Other1=float,
              _Other2=float
          ]
          Game\Screens\levelscreen.cpp(315) : see reference to function template instantiation 'std::pair<_Ty1,_Ty2>::pair<float,float>(_Other1 &&,_Other2 &&)' being compiled
          with
          [
              _Ty1=int,
              _Ty2=int,
              _Other1=float,
              _Other2=float
          ]
c:\Program Files\Microsoft Visual Studio 10.0\VC\include\utility(163): warning C4244: 'initializing' : conversion from 'float' to 'int', possible loss of data
  menuscreen.cpp
Game\Screens\menuscreen.cpp(52): warning C4244: 'initializing' : conversion from 'double' to 'float', possible loss of data
  pausescreen.cpp
Game\Screens\pausescreen.cpp(52): warning C4244: 'initializing' : conversion from 'double' to 'float', possible loss of data
  timeIsUp.cpp
  cellType.cpp
  enemy.cpp
  game.cpp
  level.cpp
Game\level.cpp(8): warning C4996: 'fopen': This function or variable may be unsafe. Consider using fopen_s instead. To disable deprecation, use _CRT_SECURE_NO_WARNINGS. See online help for details.
          c:\Program Files\Microsoft Visual Studio 10.0\VC\include\stdio.h(234) : see declaration of 'fopen'
Game\level.cpp(9): warning C4996: 'fscanf': This function or variable may be unsafe. Consider using fscanf_s instead. To disable deprecation, use _CRT_SECURE_NO_WARNINGS. See online help for details.
          c:\Program Files\Microsoft Visual Studio 10.0\VC\include\stdio.h(253) : see declaration of 'fscanf'
Game\level.cpp(10): warning C4996: 'fscanf': This function or variable may be unsafe. Consider using fscanf_s instead. To disable deprecation, use _CRT_SECURE_NO_WARNINGS. See online help for details.
          c:\Program Files\Microsoft Visual Studio 10.0\VC\include\stdio.h(253) : see declaration of 'fscanf'
Game\level.cpp(16): warning C4996: 'fscanf': This function or variable may be unsafe. Consider using fscanf_s instead. To disable deprecation, use _CRT_SECURE_NO_WARNINGS. See online help for details.
          c:\Program Files\Microsoft Visual Studio 10.0\VC\include\stdio.h(253) : see declaration of 'fscanf'
  moving.cpp
  resources.cpp
  main.cpp
  Generating code
c:\projects\done\boulderdash\boulderdash\game\level.cpp(90): warning C4715: 'BoulderDash::Level::findHumanPosition' : not all control paths return a value
  Finished generating code
  BoulderDash.vcxproj -> C:\Projects\Done\BoulderDash\Release\BoulderDash.exe
